<?xml version="1.0" encoding="UTF-8"?>
<testng-results ignored="0" total="1" passed="1" failed="0" skipped="0">
  <reporter-output>
  </reporter-output>
  <suite started-at="2024-12-22T08:28:21 IST" name="Default suite" finished-at="2024-12-22T08:28:30 IST" duration-ms="8675">
    <groups>
    </groups>
    <test started-at="2024-12-22T08:28:21 IST" name="Default test" finished-at="2024-12-22T08:28:30 IST" duration-ms="8675">
      <class name="saksham.singla.AppTest">
        <test-method signature="test()[pri:0, instance:saksham.singla.AppTest@6f1de4c7]" started-at="2024-12-22T08:28:21 IST" name="test" finished-at="2024-12-22T08:28:30 IST" duration-ms="8656" status="PASS">
          <reporter-output>
          </reporter-output>
        </test-method> <!-- test -->
      </class> <!-- saksham.singla.AppTest -->
    </test> <!-- Default test -->
  </suite> <!-- Default suite -->
</testng-results>
